

2025-09-02 15:46:43 [main] INFO  Logutilities - write number of selected product : 6
2025-09-02 15:46:44 [main] INFO  Logutilities - price of product in cardpage:29.99
2025-09-02 15:46:44 [main] INFO  Logutilities - price of selectedproduct29.99
2025-09-02 18:04:13 [main] INFO  Logutilities - write number of selected product : 6
2025-09-02 18:04:14 [main] INFO  Logutilities - write selected produc in card : 6
2025-09-02 18:04:14 [main] INFO  Logutilities - write number of product on card :6
2025-09-02 19:14:40 [main] INFO  Logutilities - write number of selected product : 6
2025-09-02 19:14:41 [main] INFO  Logutilities - price of product in cardpage:29.99
2025-09-02 19:14:41 [main] INFO  Logutilities - price of selectedproduct29.99
2025-09-02 20:16:30 [main] INFO  Logutilities - write number of selected product : 6
2025-09-02 20:16:34 [main] INFO  Logutilities - price of product in cardpage:29.99
2025-09-02 20:16:34 [main] INFO  Logutilities - price of selectedproduct29.99
2025-09-02 20:16:37 [main] INFO  Logutilities - write number of selected product : 6
2025-09-02 20:16:39 [main] INFO  Logutilities - price of product in cardpage:29.99
2025-09-02 20:16:39 [main] INFO  Logutilities - price of selectedproduct29.99
2025-09-02 20:17:09 [main] INFO  Logutilities - write number of selected product : 6
2025-09-02 20:17:11 [main] INFO  Logutilities - price of product in cardpage:29.99
2025-09-02 20:17:11 [main] INFO  Logutilities - price of selectedproduct29.99
2025-09-15 19:14:47 [main] INFO  Logutilities - write number of selected product : 6
2025-09-15 19:16:15 [main] INFO  Logutilities - write number of selected product : 6
